start crawling 1848166
start crawling 1876384
start crawling 1876392
start crawling 746276
start crawling 1876405
start crawling 538899
start crawling 746280
start crawling 1898271
start crawling 1913483
start crawling 751030
start crawling 1947873
start crawling 1943792
start crawling 1913570
start crawling 1898296
start crawling 1860941
start crawling 1898272
start crawling 1876448
start crawling 1861793
start crawling 538895
start crawling 1898295
start crawling 1860946
start crawling 1876373
start crawling 751029
start crawling 1749492
start crawling 938747
start crawling 938746
start crawling 1860944
start crawling 1861975
start crawling 1134376
start crawling 1876366
start crawling 1093184
start crawling 1876451
start crawling 1947874
start crawling 1913606
start crawling 1938049
start crawling 1913607
start crawling 1876369
start crawling 1112080
start crawling 1876372
start crawling 1861795
start crawling 1093185
start crawling 705421
start crawling 1913481
start crawling 1860935
start crawling 1754219
start crawling 824648
start crawling 492349
start crawling 1754216
start crawling 1876376
start crawling 1485681
start crawling 1913569
start crawling 960508
start crawling 1860939
start crawling 1860940
start crawling 1602883
start crawling 1391281
start crawling 1555103
start crawling 1860947
start crawling 1947872
start crawling 1876352
start crawling 705422
start crawling 1145380
start crawling 1754215
start crawling 824641
start crawling 1860942
start crawling 1898268
start crawling 1876450
start crawling 1391282
start crawling 1987728
start crawling 1391258
start crawling 1861796
start crawling 128779
start crawling 1876356
start crawling 1754236
start crawling 549034
start crawling 1112089
start crawling 1913568
start crawling 1927021
start crawling 1267142
start crawling 960507
start crawling 934645
start crawling 1754176
start crawling 1765972
start crawling 1294691
start crawling 710952
start crawling 1576565
start crawling 1861978
start crawling 207435
start crawling 1369129
start crawling 1876452
end crawling 1898271, elapsed time: 0.32389330863952637
end crawling 1913606, elapsed time: 0.3630411624908447
end crawling 1947872, elapsed time: 0.3562800884246826
end crawling 1861795, elapsed time: 0.38239431381225586
end crawling 1987728, elapsed time: 0.3779032230377197
end crawling 1876392, elapsed time: 0.40994739532470703
end crawling 1898296, elapsed time: 0.4130668640136719
end crawling 1927021, elapsed time: 0.3930647373199463
end crawling 1860946, elapsed time: 0.4159426689147949
end crawling 1093184, elapsed time: 0.4144454002380371
end crawling 1860942, elapsed time: 0.4062919616699219
end crawling 1947874, elapsed time: 0.42601776123046875
end crawling 1876352, elapsed time: 0.42339110374450684
end crawling 1754236, elapsed time: 0.41919517517089844
end crawling 1294691, elapsed time: 0.42400050163269043
end crawling 1134376, elapsed time: 0.45238184928894043
end crawling 1093185, elapsed time: 0.45746445655822754
end crawling 1391258, elapsed time: 0.44884181022644043
end crawling 1876384, elapsed time: 0.4767777919769287
end crawling 1913569, elapsed time: 0.4610941410064697
end crawling 1860944, elapsed time: 0.47500014305114746
end crawling 1860947, elapsed time: 0.47078776359558105
end crawling 1938049, elapsed time: 0.48800158500671387
end crawling 824641, elapsed time: 0.49382591247558594
end crawling 1485681, elapsed time: 0.4981048107147217
end crawling 1947873, elapsed time: 0.5231935977935791
end crawling 1913481, elapsed time: 0.5275223255157471
end crawling 1369129, elapsed time: 0.5137677192687988
end crawling 1765972, elapsed time: 0.5407054424285889
end crawling 1754216, elapsed time: 0.5511820316314697
end crawling 1898295, elapsed time: 0.5604708194732666
end crawling 938747, elapsed time: 0.5589339733123779
end crawling 824648, elapsed time: 0.551915168762207
end crawling 1861975, elapsed time: 0.584068775177002
end crawling 549034, elapsed time: 0.56925368309021
end crawling 1876369, elapsed time: 0.5814964771270752
end crawling 1754176, elapsed time: 0.594489574432373
end crawling 1898268, elapsed time: 0.5993354320526123
end crawling 1876372, elapsed time: 0.6083464622497559
end crawling 1876373, elapsed time: 0.6445820331573486
end crawling 1754219, elapsed time: 0.6369533538818359
end crawling 1876448, elapsed time: 0.6461591720581055
end crawling 934645, elapsed time: 0.6262073516845703
end crawling 1913607, elapsed time: 0.6405372619628906
end crawling 1861978, elapsed time: 0.6244645118713379
end crawling 1876405, elapsed time: 0.6789071559906006
end crawling 1898272, elapsed time: 0.675452470779419
end crawling 1913483, elapsed time: 0.6775345802307129
end crawling 1876366, elapsed time: 0.6712684631347656
end crawling 1876452, elapsed time: 0.6525390148162842
end crawling 1754215, elapsed time: 0.6605896949768066
end crawling 1602883, elapsed time: 0.663069486618042
end crawling 1861793, elapsed time: 0.675013542175293
end crawling 1913570, elapsed time: 0.6765730381011963
end crawling 1876451, elapsed time: 0.6884171962738037
end crawling 1913568, elapsed time: 0.6741774082183838
end crawling 705422, elapsed time: 0.679032564163208
end crawling 1861796, elapsed time: 0.676016092300415
end crawling 1876376, elapsed time: 0.6826784610748291
end crawling 1876356, elapsed time: 0.6754951477050781
end crawling 1860941, elapsed time: 0.6937885284423828
end crawling 1555103, elapsed time: 0.6928431987762451
end crawling 960508, elapsed time: 0.6944763660430908
end crawling 710952, elapsed time: 0.6846566200256348
end crawling 1112080, elapsed time: 0.6995599269866943
end crawling 1576565, elapsed time: 0.6890206336975098
end crawling 960507, elapsed time: 0.690911054611206
end crawling 1112089, elapsed time: 0.6944410800933838
end crawling 705421, elapsed time: 0.7076961994171143
end crawling 1876450, elapsed time: 0.8002636432647705
end crawling 1860939, elapsed time: 0.8134517669677734
end crawling 1267142, elapsed time: 0.8056979179382324
end crawling 538899, elapsed time: 0.8341927528381348
end crawling 938746, elapsed time: 0.8323168754577637
end crawling 1860940, elapsed time: 0.8282110691070557
end crawling 1749492, elapsed time: 0.8380069732666016
end crawling 1848166, elapsed time: 0.8569586277008057
end crawling 1943792, elapsed time: 0.8547646999359131
end crawling 128779, elapsed time: 0.8748555183410645
end crawling 1391281, elapsed time: 0.8957805633544922
end crawling 207435, elapsed time: 0.8903388977050781
end crawling 538895, elapsed time: 0.9180111885070801
end crawling 746280, elapsed time: 1.033583402633667
end crawling 1391282, elapsed time: 1.0177090167999268
end crawling 492349, elapsed time: 1.0597867965698242
end crawling 746276, elapsed time: 1.1932599544525146
end crawling 751030, elapsed time: 1.2036240100860596
end crawling 751029, elapsed time: 1.2097070217132568
end crawling 1860935, elapsed time: 1.208500862121582
end crawling 1145380, elapsed time: 1.2458419799804688
'extract_musinsa_product_title'  1.59 ms
'extract_musinsa_product_price'  1.47 ms
'extract_musinsa_product_category'  37.30 ms
'extract_musinsa_product_image'  1.15 ms
'extract_musinsa_product_brand'  34.13 ms
'extract_musinsa_product_competitor_price'  43.87 ms
'extract_musinsa_product_size_array'  882.20 ms
'extract_musinsa_product_detail_images'  113.30 ms
'extract_musinsa_product_banner_images'  536.68 ms
'extract_musinsa_product_image'  1.13 ms
'extract_musinsa_product_tag_list'  598.93 ms
'extract_musinsa_product_title'  40.93 ms
'extract_musinsa_product_price'  1.31 ms
'extract_musinsa_product_category'  1.03 ms
'extract_musinsa_product_image'  53.07 ms
'extract_musinsa_product_brand'  1.77 ms
'extract_musinsa_product_competitor_price'  43.29 ms
'extract_musinsa_product_size_array'  835.96 ms
'extract_musinsa_product_detail_images'  89.76 ms
'extract_musinsa_product_banner_images'  423.71 ms
'extract_musinsa_product_image'  1.01 ms
'extract_musinsa_product_tag_list'  571.06 ms
'extract_musinsa_product_title'  0.95 ms
'extract_musinsa_product_price'  1.19 ms
'extract_musinsa_product_category'  30.16 ms
'extract_musinsa_product_image'  1.07 ms
'extract_musinsa_product_brand'  1.65 ms
'extract_musinsa_product_competitor_price'  51.20 ms
'extract_musinsa_product_size_array'  732.78 ms
'extract_musinsa_product_detail_images'  117.87 ms
'extract_musinsa_product_banner_images'  431.27 ms
'extract_musinsa_product_image'  1.01 ms
'extract_musinsa_product_tag_list'  556.60 ms
'extract_musinsa_product_title'  0.85 ms
'extract_musinsa_product_price'  1.10 ms
'extract_musinsa_product_category'  0.99 ms
'extract_musinsa_product_image'  37.29 ms
'extract_musinsa_product_brand'  1.53 ms
'extract_musinsa_product_competitor_price'  38.74 ms
'extract_musinsa_product_size_array'  599.02 ms
'extract_musinsa_product_detail_images'  46.49 ms
'extract_musinsa_product_banner_images'  325.95 ms
'extract_musinsa_product_image'  1.10 ms
'extract_musinsa_product_tag_list'  404.70 ms
'extract_musinsa_product_title'  1.55 ms
'extract_musinsa_product_price'  45.63 ms
'extract_musinsa_product_category'  1.29 ms
'extract_musinsa_product_image'  1.10 ms
'extract_musinsa_product_brand'  38.27 ms
'extract_musinsa_product_competitor_price'  40.09 ms
'extract_musinsa_product_size_array'  935.73 ms
'extract_musinsa_product_detail_images'  133.18 ms
'extract_musinsa_product_banner_images'  487.60 ms
'extract_musinsa_product_image'  1.10 ms
'extract_musinsa_product_tag_list'  565.34 ms
'extract_musinsa_product_title'  36.92 ms
'extract_musinsa_product_price'  5.29 ms
'extract_musinsa_product_category'  1.07 ms
'extract_musinsa_product_image'  0.93 ms
'extract_musinsa_product_brand'  35.85 ms
'extract_musinsa_product_competitor_price'  43.30 ms
'extract_musinsa_product_size_array'  836.19 ms
'extract_musinsa_product_detail_images'  125.73 ms
'extract_musinsa_product_banner_images'  432.65 ms
'extract_musinsa_product_image'  1.03 ms
'extract_musinsa_product_tag_list'  583.20 ms
'extract_musinsa_product_title'  0.88 ms
'extract_musinsa_product_price'  1.23 ms
'extract_musinsa_product_category'  1.01 ms
'extract_musinsa_product_image'  37.08 ms
'extract_musinsa_product_brand'  1.71 ms
'extract_musinsa_product_competitor_price'  39.24 ms
'extract_musinsa_product_size_array'  873.34 ms
'extract_musinsa_product_detail_images'  143.01 ms
'extract_musinsa_product_banner_images'  510.68 ms
'extract_musinsa_product_image'  1.02 ms
'extract_musinsa_product_tag_list'  581.39 ms
'extract_musinsa_product_title'  36.91 ms
'extract_musinsa_product_price'  1.13 ms
'extract_musinsa_product_category'  1.00 ms
'extract_musinsa_product_image'  0.94 ms
'extract_musinsa_product_brand'  45.73 ms
'extract_musinsa_product_competitor_price'  34.97 ms
'extract_musinsa_product_size_array'  491.65 ms
'extract_musinsa_product_detail_images'  41.48 ms
'extract_musinsa_product_banner_images'  252.42 ms
'extract_musinsa_product_image'  65.12 ms
'extract_musinsa_product_tag_list'  300.89 ms
'extract_musinsa_product_title'  49.64 ms
'extract_musinsa_product_price'  1.35 ms
'extract_musinsa_product_category'  1.12 ms
'extract_musinsa_product_image'  41.29 ms
'extract_musinsa_product_brand'  1.91 ms
'extract_musinsa_product_competitor_price'  39.45 ms
'extract_musinsa_product_size_array'  896.89 ms
'extract_musinsa_product_detail_images'  132.40 ms
'extract_musinsa_product_banner_images'  476.04 ms
'extract_musinsa_product_image'  12.23 ms
'extract_musinsa_product_tag_list'  572.17 ms
'extract_musinsa_product_title'  0.83 ms
'extract_musinsa_product_price'  57.42 ms
'extract_musinsa_product_category'  1.09 ms
'extract_musinsa_product_image'  0.93 ms
'extract_musinsa_product_brand'  37.87 ms
'extract_musinsa_product_competitor_price'  47.39 ms
'extract_musinsa_product_size_array'  841.66 ms
'extract_musinsa_product_detail_images'  123.55 ms
'extract_musinsa_product_banner_images'  473.87 ms
'extract_musinsa_product_image'  41.15 ms
'extract_musinsa_product_tag_list'  607.15 ms
'extract_musinsa_product_title'  0.81 ms
'extract_musinsa_product_price'  0.96 ms
'extract_musinsa_product_category'  37.19 ms
'extract_musinsa_product_image'  1.04 ms
'extract_musinsa_product_brand'  1.28 ms
'extract_musinsa_product_competitor_price'  42.51 ms
'extract_musinsa_product_size_array'  512.55 ms
'extract_musinsa_product_detail_images'  37.03 ms
'extract_musinsa_product_banner_images'  287.96 ms
'extract_musinsa_product_image'  26.69 ms
'extract_musinsa_product_tag_list'  373.45 ms
'extract_musinsa_product_title'  0.81 ms
'extract_musinsa_product_price'  33.39 ms
'extract_musinsa_product_category'  1.10 ms
'extract_musinsa_product_image'  0.94 ms
'extract_musinsa_product_brand'  37.94 ms
'extract_musinsa_product_competitor_price'  3.17 ms
'extract_musinsa_product_size_array'  773.95 ms
'extract_musinsa_product_detail_images'  118.87 ms
'extract_musinsa_product_banner_images'  393.39 ms
'extract_musinsa_product_image'  1.00 ms
'extract_musinsa_product_tag_list'  505.39 ms
'extract_musinsa_product_title'  1.60 ms
'extract_musinsa_product_price'  45.52 ms
'extract_musinsa_product_category'  1.38 ms
'extract_musinsa_product_image'  1.16 ms
'extract_musinsa_product_brand'  38.16 ms
'extract_musinsa_product_competitor_price'  47.73 ms
'extract_musinsa_product_size_array'  925.24 ms
'extract_musinsa_product_detail_images'  178.42 ms
'extract_musinsa_product_banner_images'  438.65 ms
'extract_musinsa_product_image'  41.28 ms
'extract_musinsa_product_tag_list'  596.35 ms
'extract_musinsa_product_title'  0.83 ms
'extract_musinsa_product_price'  41.36 ms
'extract_musinsa_product_category'  1.12 ms
'extract_musinsa_product_image'  0.95 ms
'extract_musinsa_product_brand'  41.85 ms
'extract_musinsa_product_competitor_price'  55.36 ms
'extract_musinsa_product_size_array'  771.64 ms
'extract_musinsa_product_detail_images'  119.85 ms
'extract_musinsa_product_banner_images'  402.20 ms
'extract_musinsa_product_image'  1.02 ms
'extract_musinsa_product_tag_list'  528.21 ms
'extract_musinsa_product_title'  28.96 ms
'extract_musinsa_product_price'  11.44 ms
'extract_musinsa_product_category'  1.13 ms
'extract_musinsa_product_image'  0.96 ms
'extract_musinsa_product_brand'  1.67 ms
'extract_musinsa_product_competitor_price'  55.32 ms
'extract_musinsa_product_size_array'  844.06 ms
'extract_musinsa_product_detail_images'  146.59 ms
'extract_musinsa_product_banner_images'  477.45 ms
'extract_musinsa_product_image'  42.55 ms
'extract_musinsa_product_tag_list'  577.57 ms
'extract_musinsa_product_title'  0.80 ms
'extract_musinsa_product_price'  1.17 ms
'extract_musinsa_product_category'  1.01 ms
'extract_musinsa_product_image'  37.09 ms
'extract_musinsa_product_brand'  1.62 ms
'extract_musinsa_product_competitor_price'  35.05 ms
'extract_musinsa_product_size_array'  568.19 ms
'extract_musinsa_product_detail_images'  67.44 ms
'extract_musinsa_product_banner_images'  282.48 ms
'extract_musinsa_product_image'  37.11 ms
'extract_musinsa_product_tag_list'  341.06 ms
'extract_musinsa_product_title'  37.71 ms
'extract_musinsa_product_price'  1.44 ms
'extract_musinsa_product_category'  1.19 ms
'extract_musinsa_product_image'  45.39 ms
'extract_musinsa_product_brand'  2.03 ms
'extract_musinsa_product_competitor_price'  39.62 ms
'extract_musinsa_product_size_array'  808.36 ms
'extract_musinsa_product_detail_images'  128.54 ms
'extract_musinsa_product_banner_images'  443.14 ms
'extract_musinsa_product_image'  1.11 ms
'extract_musinsa_product_tag_list'  546.23 ms
'extract_musinsa_product_title'  30.03 ms
'extract_musinsa_product_price'  1.11 ms
'extract_musinsa_product_category'  1.05 ms
'extract_musinsa_product_image'  0.94 ms
'extract_musinsa_product_brand'  43.51 ms
'extract_musinsa_product_competitor_price'  26.71 ms
'extract_musinsa_product_size_array'  747.52 ms
'extract_musinsa_product_detail_images'  121.24 ms
'extract_musinsa_product_banner_images'  348.54 ms
'extract_musinsa_product_image'  41.17 ms
'extract_musinsa_product_tag_list'  470.11 ms
'extract_musinsa_product_title'  36.91 ms
'extract_musinsa_product_price'  1.17 ms
'extract_musinsa_product_category'  1.02 ms
'extract_musinsa_product_image'  0.95 ms
'extract_musinsa_product_brand'  37.47 ms
'extract_musinsa_product_competitor_price'  2.56 ms
'extract_musinsa_product_size_array'  766.56 ms
'extract_musinsa_product_detail_images'  119.93 ms
'extract_musinsa_product_banner_images'  415.16 ms
'extract_musinsa_product_image'  1.01 ms
'extract_musinsa_product_tag_list'  521.02 ms
'extract_musinsa_product_title'  0.80 ms
'extract_musinsa_product_price'  36.92 ms
'extract_musinsa_product_category'  1.14 ms
'extract_musinsa_product_image'  0.97 ms
'extract_musinsa_product_brand'  1.67 ms
'extract_musinsa_product_competitor_price'  77.06 ms
'extract_musinsa_product_size_array'  839.98 ms
'extract_musinsa_product_detail_images'  83.00 ms
'extract_musinsa_product_banner_images'  401.38 ms
'extract_musinsa_product_image'  1.05 ms
'extract_musinsa_product_tag_list'  440.26 ms
'extract_musinsa_product_title'  1.56 ms
'extract_musinsa_product_price'  1.34 ms
'extract_musinsa_product_category'  41.25 ms
'extract_musinsa_product_image'  1.19 ms
'extract_musinsa_product_brand'  1.88 ms
'extract_musinsa_product_competitor_price'  47.58 ms
'extract_musinsa_product_size_array'  823.38 ms
'extract_musinsa_product_detail_images'  158.63 ms
'extract_musinsa_product_banner_images'  439.57 ms
'extract_musinsa_product_image'  1.11 ms
'extract_musinsa_product_tag_list'  558.53 ms
'extract_musinsa_product_title'  48.96 ms
'extract_musinsa_product_price'  1.44 ms
'extract_musinsa_product_category'  1.07 ms
'extract_musinsa_product_image'  39.49 ms
'extract_musinsa_product_brand'  17.88 ms
'extract_musinsa_product_competitor_price'  3.22 ms
'extract_musinsa_product_size_array'  952.75 ms
'extract_musinsa_product_detail_images'  127.70 ms
'extract_musinsa_product_banner_images'  425.15 ms
'extract_musinsa_product_image'  1.08 ms
'extract_musinsa_product_tag_list'  586.87 ms
'extract_musinsa_product_title'  0.80 ms
'extract_musinsa_product_price'  1.26 ms
'extract_musinsa_product_category'  37.16 ms
'extract_musinsa_product_image'  0.98 ms
'extract_musinsa_product_brand'  1.70 ms
'extract_musinsa_product_competitor_price'  43.32 ms
'extract_musinsa_product_size_array'  799.86 ms
'extract_musinsa_product_detail_images'  88.49 ms
'extract_musinsa_product_banner_images'  447.14 ms
'extract_musinsa_product_image'  1.00 ms
'extract_musinsa_product_tag_list'  668.63 ms
'extract_musinsa_product_title'  0.87 ms
'extract_musinsa_product_price'  37.45 ms
'extract_musinsa_product_category'  1.13 ms
'extract_musinsa_product_image'  0.95 ms
'extract_musinsa_product_brand'  36.53 ms
'extract_musinsa_product_competitor_price'  15.30 ms
'extract_musinsa_product_size_array'  637.23 ms
'extract_musinsa_product_detail_images'  82.64 ms
'extract_musinsa_product_banner_images'  343.55 ms
'extract_musinsa_product_image'  1.00 ms
'extract_musinsa_product_tag_list'  388.45 ms
'extract_musinsa_product_title'  19.76 ms
'extract_musinsa_product_price'  1.45 ms
'extract_musinsa_product_category'  1.18 ms
'extract_musinsa_product_image'  45.21 ms
'extract_musinsa_product_brand'  2.08 ms
'extract_musinsa_product_competitor_price'  43.65 ms
'extract_musinsa_product_size_array'  897.41 ms
'extract_musinsa_product_detail_images'  158.96 ms
'extract_musinsa_product_banner_images'  492.31 ms
'extract_musinsa_product_image'  1.11 ms
'extract_musinsa_product_tag_list'  551.57 ms
'extract_musinsa_product_title'  0.86 ms
'extract_musinsa_product_price'  1.26 ms
'extract_musinsa_product_category'  1.02 ms
'extract_musinsa_product_image'  45.13 ms
'extract_musinsa_product_brand'  1.78 ms
'extract_musinsa_product_competitor_price'  47.27 ms
'extract_musinsa_product_size_array'  813.76 ms
'extract_musinsa_product_detail_images'  87.44 ms
'extract_musinsa_product_banner_images'  403.85 ms
'extract_musinsa_product_image'  1.05 ms
'extract_musinsa_product_tag_list'  514.23 ms
'extract_musinsa_product_title'  0.80 ms
'extract_musinsa_product_price'  1.16 ms
'extract_musinsa_product_category'  29.15 ms
'extract_musinsa_product_image'  0.99 ms
'extract_musinsa_product_brand'  1.58 ms
'extract_musinsa_product_competitor_price'  34.89 ms
'extract_musinsa_product_size_array'  593.48 ms
'extract_musinsa_product_detail_images'  81.43 ms
'extract_musinsa_product_banner_images'  309.04 ms
'extract_musinsa_product_image'  1.00 ms
'extract_musinsa_product_tag_list'  444.95 ms
'extract_musinsa_product_title'  0.81 ms
'extract_musinsa_product_price'  1.32 ms
'extract_musinsa_product_category'  37.19 ms
'extract_musinsa_product_image'  1.01 ms
'extract_musinsa_product_brand'  1.69 ms
'extract_musinsa_product_competitor_price'  33.81 ms
'extract_musinsa_product_size_array'  851.90 ms
'extract_musinsa_product_detail_images'  131.68 ms
'extract_musinsa_product_banner_images'  430.24 ms
'extract_musinsa_product_image'  1.01 ms
'extract_musinsa_product_tag_list'  525.85 ms
'extract_musinsa_product_title'  2.01 ms
'extract_musinsa_product_price'  37.58 ms
'extract_musinsa_product_category'  1.31 ms
'extract_musinsa_product_image'  1.10 ms
'extract_musinsa_product_brand'  42.17 ms
'extract_musinsa_product_competitor_price'  51.69 ms
'extract_musinsa_product_size_array'  790.12 ms
'extract_musinsa_product_detail_images'  148.24 ms
'extract_musinsa_product_banner_images'  422.53 ms
'extract_musinsa_product_image'  1.11 ms
'extract_musinsa_product_tag_list'  508.80 ms
'extract_musinsa_product_title'  0.81 ms
'extract_musinsa_product_price'  1.29 ms
'extract_musinsa_product_category'  1.00 ms
'extract_musinsa_product_image'  39.05 ms
'extract_musinsa_product_brand'  18.37 ms
'extract_musinsa_product_competitor_price'  35.42 ms
'extract_musinsa_product_size_array'  895.52 ms
'extract_musinsa_product_detail_images'  148.18 ms
'extract_musinsa_product_banner_images'  447.34 ms
'extract_musinsa_product_image'  37.17 ms
'extract_musinsa_product_tag_list'  562.97 ms
'extract_musinsa_product_title'  0.83 ms
'extract_musinsa_product_price'  37.34 ms
'extract_musinsa_product_category'  1.11 ms
'extract_musinsa_product_image'  0.94 ms
'extract_musinsa_product_brand'  41.83 ms
'extract_musinsa_product_competitor_price'  26.67 ms
'extract_musinsa_product_size_array'  774.48 ms
'extract_musinsa_product_detail_images'  83.89 ms
'extract_musinsa_product_banner_images'  446.88 ms
'extract_musinsa_product_image'  1.01 ms
'extract_musinsa_product_tag_list'  500.33 ms
'extract_musinsa_product_title'  0.82 ms
'extract_musinsa_product_price'  1.30 ms
'extract_musinsa_product_category'  37.16 ms
'extract_musinsa_product_image'  1.00 ms
'extract_musinsa_product_brand'  1.72 ms
'extract_musinsa_product_competitor_price'  51.35 ms
'extract_musinsa_product_size_array'  807.64 ms
'extract_musinsa_product_detail_images'  86.19 ms
'extract_musinsa_product_banner_images'  347.10 ms
'extract_musinsa_product_image'  29.13 ms
'extract_musinsa_product_tag_list'  410.90 ms
'extract_musinsa_product_title'  37.63 ms
'extract_musinsa_product_price'  11.59 ms
'extract_musinsa_product_category'  1.26 ms
'extract_musinsa_product_image'  1.12 ms
'extract_musinsa_product_brand'  42.07 ms
'extract_musinsa_product_competitor_price'  47.53 ms
'extract_musinsa_product_size_array'  955.75 ms
'extract_musinsa_product_detail_images'  113.26 ms
'extract_musinsa_product_banner_images'  509.23 ms
'extract_musinsa_product_image'  13.20 ms
'extract_musinsa_product_tag_list'  558.03 ms
'extract_musinsa_product_title'  0.81 ms
'extract_musinsa_product_price'  1.31 ms
'extract_musinsa_product_category'  1.01 ms
'extract_musinsa_product_image'  45.16 ms
'extract_musinsa_product_brand'  1.76 ms
'extract_musinsa_product_competitor_price'  35.37 ms
'extract_musinsa_product_size_array'  872.26 ms
'extract_musinsa_product_detail_images'  109.11 ms
'extract_musinsa_product_banner_images'  448.78 ms
'extract_musinsa_product_image'  1.07 ms
'extract_musinsa_product_tag_list'  557.81 ms
'extract_musinsa_product_title'  32.93 ms
'extract_musinsa_product_price'  1.26 ms
'extract_musinsa_product_category'  1.03 ms
'extract_musinsa_product_image'  30.73 ms
'extract_musinsa_product_brand'  1.80 ms
'extract_musinsa_product_competitor_price'  27.31 ms
'extract_musinsa_product_size_array'  718.06 ms
'extract_musinsa_product_detail_images'  53.91 ms
'extract_musinsa_product_banner_images'  377.48 ms
'extract_musinsa_product_image'  1.01 ms
'extract_musinsa_product_tag_list'  493.25 ms
'extract_musinsa_product_title'  0.82 ms
'extract_musinsa_product_price'  1.23 ms
'extract_musinsa_product_category'  57.17 ms
'extract_musinsa_product_image'  0.99 ms
'extract_musinsa_product_brand'  1.74 ms
'extract_musinsa_product_competitor_price'  57.96 ms
'extract_musinsa_product_size_array'  754.81 ms
'extract_musinsa_product_detail_images'  99.76 ms
'extract_musinsa_product_banner_images'  338.41 ms
'extract_musinsa_product_image'  1.01 ms
'extract_musinsa_product_tag_list'  385.67 ms
'extract_musinsa_product_title'  1.54 ms
'extract_musinsa_product_price'  41.67 ms
'extract_musinsa_product_category'  1.33 ms
'extract_musinsa_product_image'  1.13 ms
'extract_musinsa_product_brand'  38.23 ms
'extract_musinsa_product_competitor_price'  66.90 ms
'extract_musinsa_product_size_array'  927.92 ms
'extract_musinsa_product_detail_images'  138.05 ms
'extract_musinsa_product_banner_images'  492.56 ms
'extract_musinsa_product_image'  32.38 ms
'extract_musinsa_product_tag_list'  543.84 ms
'extract_musinsa_product_title'  0.83 ms
'extract_musinsa_product_price'  34.01 ms
'extract_musinsa_product_category'  1.10 ms
'extract_musinsa_product_image'  0.96 ms
'extract_musinsa_product_brand'  33.80 ms
'extract_musinsa_product_competitor_price'  43.20 ms
'extract_musinsa_product_size_array'  844.65 ms
'extract_musinsa_product_detail_images'  80.44 ms
'extract_musinsa_product_banner_images'  442.44 ms
'extract_musinsa_product_image'  1.05 ms
'extract_musinsa_product_tag_list'  505.88 ms
'extract_musinsa_product_title'  0.88 ms
'extract_musinsa_product_price'  1.22 ms
'extract_musinsa_product_category'  1.00 ms
'extract_musinsa_product_image'  48.58 ms
'extract_musinsa_product_brand'  1.70 ms
'extract_musinsa_product_competitor_price'  39.18 ms
'extract_musinsa_product_size_array'  882.03 ms
'extract_musinsa_product_detail_images'  138.67 ms
'extract_musinsa_product_banner_images'  459.93 ms
'extract_musinsa_product_image'  1.00 ms
'extract_musinsa_product_tag_list'  581.32 ms
'extract_musinsa_product_title'  0.83 ms
'extract_musinsa_product_price'  37.99 ms
'extract_musinsa_product_category'  1.11 ms
'extract_musinsa_product_image'  0.96 ms
'extract_musinsa_product_brand'  41.83 ms
'extract_musinsa_product_competitor_price'  37.29 ms
'extract_musinsa_product_size_array'  703.71 ms
'extract_musinsa_product_detail_images'  47.30 ms
'extract_musinsa_product_banner_images'  253.67 ms
'extract_musinsa_product_image'  25.17 ms
'extract_musinsa_product_tag_list'  350.27 ms
'extract_musinsa_product_title'  37.61 ms
'extract_musinsa_product_price'  1.65 ms
'extract_musinsa_product_category'  1.17 ms
'extract_musinsa_product_image'  45.29 ms
'extract_musinsa_product_brand'  2.27 ms
'extract_musinsa_product_competitor_price'  44.38 ms
'extract_musinsa_product_size_array'  949.03 ms
'extract_musinsa_product_detail_images'  133.47 ms
'extract_musinsa_product_banner_images'  479.58 ms
'extract_musinsa_product_image'  27.10 ms
'extract_musinsa_product_tag_list'  541.87 ms
'extract_musinsa_product_title'  40.97 ms
'extract_musinsa_product_price'  1.34 ms
'extract_musinsa_product_category'  1.05 ms
'extract_musinsa_product_image'  0.96 ms
'extract_musinsa_product_brand'  64.93 ms
'extract_musinsa_product_competitor_price'  9.72 ms
'extract_musinsa_product_size_array'  866.23 ms
'extract_musinsa_product_detail_images'  124.59 ms
'extract_musinsa_product_banner_images'  404.10 ms
'extract_musinsa_product_image'  1.08 ms
'extract_musinsa_product_tag_list'  588.84 ms
'extract_musinsa_product_title'  36.91 ms
'extract_musinsa_product_price'  1.22 ms
'extract_musinsa_product_category'  1.00 ms
'extract_musinsa_product_image'  0.91 ms
'extract_musinsa_product_brand'  42.03 ms
'extract_musinsa_product_competitor_price'  47.23 ms
'extract_musinsa_product_size_array'  911.50 ms
'extract_musinsa_product_detail_images'  85.44 ms
'extract_musinsa_product_banner_images'  427.77 ms
'extract_musinsa_product_image'  1.01 ms
'extract_musinsa_product_tag_list'  605.93 ms
'extract_musinsa_product_title'  0.81 ms
'extract_musinsa_product_price'  1.28 ms
'extract_musinsa_product_category'  29.17 ms
'extract_musinsa_product_image'  0.97 ms
'extract_musinsa_product_brand'  1.72 ms
'extract_musinsa_product_competitor_price'  61.79 ms
'extract_musinsa_product_size_array'  648.39 ms
'extract_musinsa_product_detail_images'  87.83 ms
'extract_musinsa_product_banner_images'  286.58 ms
'extract_musinsa_product_image'  1.03 ms
'extract_musinsa_product_tag_list'  302.44 ms
'extract_musinsa_product_title'  29.75 ms
'extract_musinsa_product_price'  1.42 ms
'extract_musinsa_product_category'  1.23 ms
'extract_musinsa_product_image'  45.25 ms
'extract_musinsa_product_brand'  2.03 ms
'extract_musinsa_product_competitor_price'  43.53 ms
'extract_musinsa_product_size_array'  825.12 ms
'extract_musinsa_product_detail_images'  116.80 ms
'extract_musinsa_product_banner_images'  469.76 ms
'extract_musinsa_product_image'  1.12 ms
'extract_musinsa_product_tag_list'  567.05 ms
'extract_musinsa_product_title'  0.87 ms
'extract_musinsa_product_price'  1.36 ms
'extract_musinsa_product_category'  53.37 ms
'extract_musinsa_product_image'  1.06 ms
'extract_musinsa_product_brand'  1.72 ms
'extract_musinsa_product_competitor_price'  56.01 ms
'extract_musinsa_product_size_array'  659.44 ms
'extract_musinsa_product_detail_images'  78.50 ms
'extract_musinsa_product_banner_images'  326.05 ms
'extract_musinsa_product_image'  1.19 ms
'extract_musinsa_product_tag_list'  444.91 ms
'extract_musinsa_product_title'  0.82 ms
'extract_musinsa_product_price'  38.15 ms
'extract_musinsa_product_category'  1.13 ms
'extract_musinsa_product_image'  0.97 ms
'extract_musinsa_product_brand'  33.86 ms
'extract_musinsa_product_competitor_price'  51.47 ms
'extract_musinsa_product_size_array'  709.88 ms
'extract_musinsa_product_detail_images'  110.73 ms
'extract_musinsa_product_banner_images'  369.01 ms
'extract_musinsa_product_image'  1.01 ms
'extract_musinsa_product_tag_list'  475.97 ms
'extract_musinsa_product_title'  0.85 ms
'extract_musinsa_product_price'  1.27 ms
'extract_musinsa_product_category'  41.20 ms
'extract_musinsa_product_image'  1.00 ms
'extract_musinsa_product_brand'  1.77 ms
'extract_musinsa_product_competitor_price'  39.58 ms
'extract_musinsa_product_size_array'  922.76 ms
'extract_musinsa_product_detail_images'  90.77 ms
'extract_musinsa_product_banner_images'  444.45 ms
'extract_musinsa_product_image'  1.03 ms
'extract_musinsa_product_tag_list'  521.35 ms
'extract_musinsa_product_title'  0.83 ms
'extract_musinsa_product_price'  17.16 ms
'extract_musinsa_product_category'  1.09 ms
'extract_musinsa_product_image'  0.95 ms
'extract_musinsa_product_brand'  1.28 ms
'extract_musinsa_product_competitor_price'  14.54 ms
'extract_musinsa_product_size_array'  196.05 ms
'extract_musinsa_product_detail_images'  24.79 ms
'extract_musinsa_product_banner_images'  95.61 ms
'extract_musinsa_product_image'  1.05 ms
'extract_musinsa_product_tag_list'  148.27 ms
'extract_musinsa_product_title'  43.01 ms
'extract_musinsa_product_price'  33.51 ms
'extract_musinsa_product_category'  1.33 ms
'extract_musinsa_product_image'  1.12 ms
'extract_musinsa_product_brand'  38.06 ms
'extract_musinsa_product_competitor_price'  43.67 ms
'extract_musinsa_product_size_array'  815.35 ms
'extract_musinsa_product_detail_images'  149.00 ms
'extract_musinsa_product_banner_images'  440.60 ms
'extract_musinsa_product_image'  1.08 ms
'extract_musinsa_product_tag_list'  575.56 ms
'extract_musinsa_product_title'  0.83 ms
'extract_musinsa_product_price'  1.24 ms
'extract_musinsa_product_category'  43.98 ms
'extract_musinsa_product_image'  1.07 ms
'extract_musinsa_product_brand'  1.64 ms
'extract_musinsa_product_competitor_price'  59.10 ms
'extract_musinsa_product_size_array'  625.33 ms
'extract_musinsa_product_detail_images'  75.37 ms
'extract_musinsa_product_banner_images'  314.15 ms
'extract_musinsa_product_image'  45.19 ms
'extract_musinsa_product_tag_list'  441.23 ms
'extract_musinsa_product_title'  0.82 ms
'extract_musinsa_product_price'  1.05 ms
'extract_musinsa_product_category'  37.26 ms
'extract_musinsa_product_image'  0.99 ms
'extract_musinsa_product_brand'  1.34 ms
'extract_musinsa_product_competitor_price'  42.75 ms
'extract_musinsa_product_size_array'  812.36 ms
'extract_musinsa_product_detail_images'  110.96 ms
'extract_musinsa_product_banner_images'  426.63 ms
'extract_musinsa_product_image'  4.50 ms
'extract_musinsa_product_tag_list'  464.12 ms
'extract_musinsa_product_title'  67.26 ms
'extract_musinsa_product_price'  10.20 ms
'extract_musinsa_product_category'  1.18 ms
'extract_musinsa_product_image'  1.07 ms
'extract_musinsa_product_brand'  48.33 ms
'extract_musinsa_product_competitor_price'  2.90 ms
'extract_musinsa_product_size_array'  781.16 ms
'extract_musinsa_product_detail_images'  55.76 ms
'extract_musinsa_product_banner_images'  401.81 ms
'extract_musinsa_product_image'  1.00 ms
'extract_musinsa_product_tag_list'  477.56 ms
'extract_musinsa_product_title'  4.92 ms
'extract_musinsa_product_price'  1.09 ms
'extract_musinsa_product_category'  1.02 ms
'extract_musinsa_product_image'  0.94 ms
'extract_musinsa_product_brand'  13.46 ms
'extract_musinsa_product_competitor_price'  2.48 ms
'extract_musinsa_product_size_array'  215.36 ms
'extract_musinsa_product_detail_images'  41.93 ms
'extract_musinsa_product_banner_images'  91.99 ms
'extract_musinsa_product_image'  1.07 ms
'extract_musinsa_product_tag_list'  116.79 ms
'extract_musinsa_product_title'  43.01 ms
'extract_musinsa_product_price'  1.32 ms
'extract_musinsa_product_category'  45.49 ms
'extract_musinsa_product_image'  1.16 ms
'extract_musinsa_product_brand'  41.22 ms
'extract_musinsa_product_competitor_price'  3.55 ms
'extract_musinsa_product_size_array'  945.69 ms
'extract_musinsa_product_detail_images'  137.41 ms
'extract_musinsa_product_banner_images'  478.60 ms
'extract_musinsa_product_image'  16.30 ms
'extract_musinsa_product_tag_list'  575.07 ms
'extract_musinsa_product_title'  0.84 ms
'extract_musinsa_product_price'  1.11 ms
'extract_musinsa_product_category'  1.02 ms
'extract_musinsa_product_image'  61.11 ms
'extract_musinsa_product_brand'  1.37 ms
'extract_musinsa_product_competitor_price'  33.85 ms
'extract_musinsa_product_size_array'  411.59 ms
'extract_musinsa_product_detail_images'  82.19 ms
'extract_musinsa_product_banner_images'  258.86 ms
'extract_musinsa_product_image'  1.07 ms
'extract_musinsa_product_tag_list'  331.02 ms
'extract_musinsa_product_title'  0.81 ms
'extract_musinsa_product_price'  1.00 ms
'extract_musinsa_product_category'  45.17 ms
'extract_musinsa_product_image'  12.54 ms
'extract_musinsa_product_brand'  1.28 ms
'extract_musinsa_product_competitor_price'  38.57 ms
'extract_musinsa_product_size_array'  536.00 ms
'extract_musinsa_product_detail_images'  41.04 ms
'extract_musinsa_product_banner_images'  297.07 ms
'extract_musinsa_product_image'  1.01 ms
'extract_musinsa_product_tag_list'  462.55 ms
'extract_musinsa_product_title'  0.82 ms
'extract_musinsa_product_price'  33.35 ms
'extract_musinsa_product_category'  1.09 ms
'extract_musinsa_product_image'  0.93 ms
'extract_musinsa_product_brand'  49.79 ms
'extract_musinsa_product_competitor_price'  28.38 ms
'extract_musinsa_product_size_array'  843.86 ms
'extract_musinsa_product_detail_images'  143.53 ms
'extract_musinsa_product_banner_images'  395.21 ms
'extract_musinsa_product_image'  33.15 ms
'extract_musinsa_product_tag_list'  529.92 ms
'extract_musinsa_product_title'  0.81 ms
'extract_musinsa_product_price'  1.07 ms
'extract_musinsa_product_category'  1.00 ms
'extract_musinsa_product_image'  19.04 ms
'extract_musinsa_product_brand'  1.41 ms
'extract_musinsa_product_competitor_price'  10.47 ms
'extract_musinsa_product_size_array'  349.32 ms
'extract_musinsa_product_detail_images'  57.48 ms
'extract_musinsa_product_banner_images'  157.65 ms
'extract_musinsa_product_image'  17.10 ms
'extract_musinsa_product_tag_list'  181.96 ms
'extract_musinsa_product_title'  1.54 ms
'extract_musinsa_product_price'  1.36 ms
'extract_musinsa_product_category'  41.71 ms
'extract_musinsa_product_image'  1.20 ms
'extract_musinsa_product_brand'  34.01 ms
'extract_musinsa_product_competitor_price'  3.65 ms
'extract_musinsa_product_size_array'  818.62 ms
'extract_musinsa_product_detail_images'  169.57 ms
'extract_musinsa_product_banner_images'  441.93 ms
'extract_musinsa_product_image'  1.10 ms
'extract_musinsa_product_tag_list'  559.21 ms
'extract_musinsa_product_title'  0.86 ms
'extract_musinsa_product_price'  49.23 ms
'extract_musinsa_product_category'  1.19 ms
'extract_musinsa_product_image'  0.95 ms
'extract_musinsa_product_brand'  1.44 ms
'extract_musinsa_product_competitor_price'  46.33 ms
'extract_musinsa_product_size_array'  867.51 ms
'extract_musinsa_product_detail_images'  131.10 ms
'extract_musinsa_product_banner_images'  390.44 ms
'extract_musinsa_product_image'  45.15 ms
'extract_musinsa_product_tag_list'  492.53 ms
'extract_musinsa_product_title'  0.82 ms
'extract_musinsa_product_price'  1.33 ms
'extract_musinsa_product_category'  1.00 ms
'extract_musinsa_product_image'  37.07 ms
'extract_musinsa_product_brand'  1.78 ms
'extract_musinsa_product_competitor_price'  39.30 ms
'extract_musinsa_product_size_array'  661.14 ms
'extract_musinsa_product_detail_images'  118.64 ms
'extract_musinsa_product_banner_images'  352.86 ms
'extract_musinsa_product_image'  0.99 ms
'extract_musinsa_product_tag_list'  531.06 ms
'extract_musinsa_product_title'  0.82 ms
'extract_musinsa_product_price'  1.04 ms
'extract_musinsa_product_category'  41.19 ms
'extract_musinsa_product_image'  1.00 ms
'extract_musinsa_product_brand'  1.32 ms
'extract_musinsa_product_competitor_price'  46.67 ms
'extract_musinsa_product_size_array'  618.27 ms
'extract_musinsa_product_detail_images'  101.17 ms
'extract_musinsa_product_banner_images'  302.26 ms
'extract_musinsa_product_image'  37.60 ms
'extract_musinsa_product_tag_list'  389.42 ms
'extract_musinsa_product_title'  0.79 ms
'extract_musinsa_product_price'  0.93 ms
'extract_musinsa_product_category'  13.21 ms
'extract_musinsa_product_image'  0.95 ms
'extract_musinsa_product_brand'  1.24 ms
'extract_musinsa_product_competitor_price'  14.37 ms
'extract_musinsa_product_size_array'  242.39 ms
'extract_musinsa_product_detail_images'  13.01 ms
'extract_musinsa_product_banner_images'  95.74 ms
'extract_musinsa_product_image'  0.98 ms
'extract_musinsa_product_tag_list'  122.27 ms
'extract_musinsa_product_title'  10.23 ms
'extract_musinsa_product_price'  1.42 ms
'extract_musinsa_product_category'  69.35 ms
'extract_musinsa_product_image'  1.20 ms
'extract_musinsa_product_brand'  1.94 ms
'extract_musinsa_product_competitor_price'  47.66 ms
'extract_musinsa_product_size_array'  813.82 ms
'extract_musinsa_product_detail_images'  137.24 ms
'extract_musinsa_product_banner_images'  384.53 ms
'extract_musinsa_product_image'  1.12 ms
'extract_musinsa_product_tag_list'  468.00 ms
'extract_musinsa_product_title'  0.83 ms
'extract_musinsa_product_price'  45.36 ms
'extract_musinsa_product_category'  1.13 ms
'extract_musinsa_product_image'  0.93 ms
'extract_musinsa_product_brand'  33.95 ms
'extract_musinsa_product_competitor_price'  47.31 ms
'extract_musinsa_product_size_array'  834.89 ms
'extract_musinsa_product_detail_images'  150.45 ms
'extract_musinsa_product_banner_images'  484.57 ms
'extract_musinsa_product_image'  0.99 ms
'extract_musinsa_product_tag_list'  597.47 ms
'extract_musinsa_product_title'  0.82 ms
'extract_musinsa_product_price'  1.24 ms
'extract_musinsa_product_category'  1.03 ms
'extract_musinsa_product_image'  53.10 ms
'extract_musinsa_product_brand'  2.68 ms
'extract_musinsa_product_competitor_price'  3.12 ms
'extract_musinsa_product_size_array'  815.99 ms
'extract_musinsa_product_detail_images'  115.60 ms
'extract_musinsa_product_banner_images'  459.49 ms
'extract_musinsa_product_image'  1.00 ms
'extract_musinsa_product_tag_list'  529.14 ms
'extract_musinsa_product_title'  0.83 ms
'extract_musinsa_product_price'  1.29 ms
'extract_musinsa_product_category'  29.21 ms
'extract_musinsa_product_image'  1.00 ms
'extract_musinsa_product_brand'  1.58 ms
'extract_musinsa_product_competitor_price'  47.37 ms
'extract_musinsa_product_size_array'  677.62 ms
'extract_musinsa_product_detail_images'  65.33 ms
'extract_musinsa_product_banner_images'  293.79 ms
'extract_musinsa_product_image'  69.14 ms
'extract_musinsa_product_tag_list'  409.18 ms
'extract_musinsa_product_title'  7.42 ms
'extract_musinsa_product_price'  1.34 ms
'extract_musinsa_product_category'  1.05 ms
'extract_musinsa_product_image'  0.96 ms
'extract_musinsa_product_brand'  8.61 ms
'extract_musinsa_product_competitor_price'  2.94 ms
'extract_musinsa_product_size_array'  211.08 ms
'extract_musinsa_product_detail_images'  26.87 ms
'extract_musinsa_product_banner_images'  78.33 ms
'extract_musinsa_product_image'  17.10 ms
'extract_musinsa_product_tag_list'  95.41 ms
'extract_musinsa_product_title'  24.90 ms
'extract_musinsa_product_price'  1.43 ms
'extract_musinsa_product_category'  1.19 ms
'extract_musinsa_product_image'  45.62 ms
'extract_musinsa_product_brand'  1.99 ms
'extract_musinsa_product_competitor_price'  66.08 ms
'extract_musinsa_product_size_array'  867.91 ms
'extract_musinsa_product_detail_images'  142.92 ms
'extract_musinsa_product_banner_images'  438.80 ms
'extract_musinsa_product_image'  45.23 ms
'extract_musinsa_product_tag_list'  550.28 ms
'extract_musinsa_product_title'  37.66 ms
'extract_musinsa_product_price'  1.28 ms
'extract_musinsa_product_category'  1.06 ms
'extract_musinsa_product_image'  35.88 ms
'extract_musinsa_product_brand'  6.75 ms
'extract_musinsa_product_competitor_price'  35.18 ms
'extract_musinsa_product_size_array'  643.83 ms
'extract_musinsa_product_detail_images'  46.26 ms
'extract_musinsa_product_banner_images'  400.94 ms
'extract_musinsa_product_image'  1.01 ms
'extract_musinsa_product_tag_list'  466.09 ms
'extract_musinsa_product_title'  0.82 ms
'extract_musinsa_product_price'  37.24 ms
'extract_musinsa_product_category'  1.10 ms
'extract_musinsa_product_image'  0.95 ms
'extract_musinsa_product_brand'  1.32 ms
'extract_musinsa_product_competitor_price'  38.73 ms
'extract_musinsa_product_size_array'  612.99 ms
'extract_musinsa_product_detail_images'  81.84 ms
'extract_musinsa_product_banner_images'  326.99 ms
'extract_musinsa_product_image'  1.00 ms
'extract_musinsa_product_tag_list'  366.05 ms
'extract_musinsa_product_title'  0.82 ms
'extract_musinsa_product_price'  1.16 ms
'extract_musinsa_product_category'  1.01 ms
'extract_musinsa_product_image'  37.51 ms
'extract_musinsa_product_brand'  1.42 ms
'extract_musinsa_product_competitor_price'  38.72 ms
'extract_musinsa_product_size_array'  844.98 ms
'extract_musinsa_product_detail_images'  127.97 ms
'extract_musinsa_product_banner_images'  440.72 ms
'extract_musinsa_product_image'  1.01 ms
'extract_musinsa_product_tag_list'  597.44 ms
'extract_musinsa_product_title'  12.89 ms
'extract_musinsa_product_price'  1.28 ms
'extract_musinsa_product_category'  1.02 ms
'extract_musinsa_product_image'  0.94 ms
'extract_musinsa_product_brand'  13.66 ms
'extract_musinsa_product_competitor_price'  19.65 ms
'extract_musinsa_product_size_array'  246.23 ms
'extract_musinsa_product_detail_images'  20.92 ms
'extract_musinsa_product_banner_images'  101.79 ms
'extract_musinsa_product_image'  1.03 ms
'extract_musinsa_product_tag_list'  136.75 ms
'extract_musinsa_product_title'  2.10 ms
'extract_musinsa_product_price'  13.93 ms
'extract_musinsa_product_category'  1.27 ms
'extract_musinsa_product_image'  42.03 ms
'extract_musinsa_product_brand'  1.66 ms
'extract_musinsa_product_competitor_price'  50.82 ms
'extract_musinsa_product_size_array'  680.14 ms
'extract_musinsa_product_detail_images'  87.69 ms
'extract_musinsa_product_banner_images'  345.43 ms
'extract_musinsa_product_image'  1.13 ms
'extract_musinsa_product_tag_list'  452.13 ms
'extract_musinsa_product_title'  0.81 ms
'extract_musinsa_product_price'  1.25 ms
'extract_musinsa_product_category'  1.01 ms
'extract_musinsa_product_image'  57.09 ms
'extract_musinsa_product_brand'  1.70 ms
'extract_musinsa_product_competitor_price'  35.29 ms
'extract_musinsa_product_size_array'  907.87 ms
'extract_musinsa_product_detail_images'  131.60 ms
'extract_musinsa_product_banner_images'  472.38 ms
'extract_musinsa_product_image'  1.00 ms
'extract_musinsa_product_tag_list'  588.86 ms
'extract_musinsa_product_title'  40.57 ms
'extract_musinsa_product_price'  1.02 ms
'extract_musinsa_product_category'  1.01 ms
'extract_musinsa_product_image'  0.94 ms
'extract_musinsa_product_brand'  37.36 ms
'extract_musinsa_product_competitor_price'  2.43 ms
'extract_musinsa_product_size_array'  714.41 ms
'extract_musinsa_product_detail_images'  59.56 ms
'extract_musinsa_product_banner_images'  392.59 ms
'extract_musinsa_product_image'  1.02 ms
'extract_musinsa_product_tag_list'  467.26 ms
'extract_musinsa_product_title'  0.83 ms
'extract_musinsa_product_price'  1.01 ms
'extract_musinsa_product_category'  33.18 ms
'extract_musinsa_product_image'  1.01 ms
'extract_musinsa_product_brand'  1.26 ms
'extract_musinsa_product_competitor_price'  38.59 ms
'extract_musinsa_product_size_array'  653.73 ms
'extract_musinsa_product_detail_images'  75.21 ms
'extract_musinsa_product_banner_images'  372.21 ms
'extract_musinsa_product_image'  1.03 ms
'extract_musinsa_product_tag_list'  491.25 ms
'extract_musinsa_product_title'  12.87 ms
'extract_musinsa_product_price'  1.09 ms
'extract_musinsa_product_category'  1.01 ms
'extract_musinsa_product_image'  0.93 ms
'extract_musinsa_product_brand'  25.58 ms
'extract_musinsa_product_competitor_price'  8.20 ms
'extract_musinsa_product_size_array'  301.02 ms
'extract_musinsa_product_detail_images'  26.90 ms
'extract_musinsa_product_banner_images'  124.64 ms
'extract_musinsa_product_image'  1.01 ms
'extract_musinsa_product_tag_list'  99.33 ms
'extract_musinsa_product_title'  1.55 ms
'extract_musinsa_product_price'  1.34 ms
'extract_musinsa_product_category'  1.14 ms
'extract_musinsa_product_image'  57.23 ms
'extract_musinsa_product_brand'  2.02 ms
'extract_musinsa_product_competitor_price'  43.48 ms
'extract_musinsa_product_size_array'  797.83 ms
'extract_musinsa_product_detail_images'  164.45 ms
'extract_musinsa_product_banner_images'  448.08 ms
'extract_musinsa_product_image'  1.10 ms
'extract_musinsa_product_tag_list'  540.59 ms
'extract_musinsa_product_title'  0.87 ms
'extract_musinsa_product_price'  41.26 ms
'extract_musinsa_product_category'  1.14 ms
'extract_musinsa_product_image'  0.94 ms
'extract_musinsa_product_brand'  37.53 ms
'extract_musinsa_product_competitor_price'  2.66 ms
'extract_musinsa_product_size_array'  436.92 ms
'extract_musinsa_product_detail_images'  41.06 ms
'extract_musinsa_product_banner_images'  215.89 ms
'extract_musinsa_product_image'  1.07 ms
'extract_musinsa_product_tag_list'  308.94 ms
'extract_musinsa_product_title'  0.82 ms
'extract_musinsa_product_price'  1.20 ms
'extract_musinsa_product_category'  45.97 ms
'extract_musinsa_product_image'  1.01 ms
'extract_musinsa_product_brand'  1.59 ms
'extract_musinsa_product_competitor_price'  39.07 ms
'extract_musinsa_product_size_array'  365.55 ms
'extract_musinsa_product_detail_images'  81.43 ms
'extract_musinsa_product_banner_images'  216.78 ms
'extract_musinsa_product_image'  1.01 ms
'extract_musinsa_product_tag_list'  303.95 ms
'extract_musinsa_product_title'  0.85 ms
'extract_musinsa_product_price'  37.17 ms
'extract_musinsa_product_category'  1.09 ms
'extract_musinsa_product_image'  0.95 ms
'extract_musinsa_product_brand'  37.55 ms
'extract_musinsa_product_competitor_price'  2.60 ms
'extract_musinsa_product_size_array'  485.34 ms
'extract_musinsa_product_detail_images'  44.58 ms
'extract_musinsa_product_banner_images'  229.63 ms
'extract_musinsa_product_image'  41.19 ms
'extract_musinsa_product_tag_list'  305.81 ms
'extract_musinsa_product_title'  0.81 ms
'extract_musinsa_product_price'  1.24 ms
'extract_musinsa_product_category'  34.54 ms
'extract_musinsa_product_image'  0.98 ms
'extract_musinsa_product_brand'  1.64 ms
'extract_musinsa_product_competitor_price'  47.25 ms
'extract_musinsa_product_size_array'  854.05 ms
'extract_musinsa_product_detail_images'  85.56 ms
'extract_musinsa_product_banner_images'  477.38 ms
'extract_musinsa_product_image'  37.13 ms
'extract_musinsa_product_tag_list'  542.76 ms
'extract_musinsa_product_title'  0.81 ms
'extract_musinsa_product_price'  16.07 ms
'extract_musinsa_product_category'  1.13 ms
'extract_musinsa_product_image'  0.99 ms
'extract_musinsa_product_brand'  1.71 ms
'extract_musinsa_product_competitor_price'  19.30 ms
'extract_musinsa_product_size_array'  193.65 ms
'extract_musinsa_product_detail_images'  24.33 ms
'extract_musinsa_product_banner_images'  37.09 ms
'extract_musinsa_product_image'  0.99 ms
'extract_musinsa_product_tag_list'  46.79 ms
'extract_musinsa_product_title'  40.74 ms
'extract_musinsa_product_price'  2.96 ms
'extract_musinsa_product_category'  1.20 ms
'extract_musinsa_product_image'  37.34 ms
'extract_musinsa_product_brand'  1.96 ms
'extract_musinsa_product_competitor_price'  72.51 ms
'extract_musinsa_product_size_array'  907.01 ms
'extract_musinsa_product_detail_images'  136.06 ms
'extract_musinsa_product_banner_images'  499.40 ms
'extract_musinsa_product_image'  1.09 ms
'extract_musinsa_product_tag_list'  564.40 ms
'extract_musinsa_product_title'  0.85 ms
'extract_musinsa_product_price'  1.19 ms
'extract_musinsa_product_category'  57.20 ms
'extract_musinsa_product_image'  1.04 ms
'extract_musinsa_product_brand'  1.42 ms
'extract_musinsa_product_competitor_price'  40.03 ms
'extract_musinsa_product_size_array'  556.45 ms
'extract_musinsa_product_detail_images'  81.67 ms
'extract_musinsa_product_banner_images'  289.61 ms
'extract_musinsa_product_image'  53.13 ms
'extract_musinsa_product_tag_list'  400.01 ms
'extract_musinsa_product_title'  4.46 ms
'extract_musinsa_product_price'  1.20 ms
'extract_musinsa_product_category'  1.01 ms
'extract_musinsa_product_image'  0.93 ms
'extract_musinsa_product_brand'  43.02 ms
'extract_musinsa_product_competitor_price'  14.39 ms
'extract_musinsa_product_size_array'  872.62 ms
'extract_musinsa_product_detail_images'  115.55 ms
'extract_musinsa_product_banner_images'  439.15 ms
'extract_musinsa_product_image'  1.02 ms
'extract_musinsa_product_tag_list'  529.71 ms
'extract_musinsa_product_title'  0.79 ms
'extract_musinsa_product_price'  45.38 ms
'extract_musinsa_product_category'  1.10 ms
'extract_musinsa_product_image'  0.94 ms
'extract_musinsa_product_brand'  41.96 ms
'extract_musinsa_product_competitor_price'  39.93 ms
'extract_musinsa_product_size_array'  716.21 ms
'extract_musinsa_product_detail_images'  82.93 ms
'extract_musinsa_product_banner_images'  396.54 ms
'extract_musinsa_product_image'  5.98 ms
'extract_musinsa_product_tag_list'  468.43 ms
'extract_musinsa_product_title'  0.82 ms
'extract_musinsa_product_price'  1.22 ms
'extract_musinsa_product_category'  1.02 ms
'extract_musinsa_product_image'  0.94 ms
'extract_musinsa_product_brand'  1.41 ms
'extract_musinsa_product_competitor_price'  2.77 ms
'extract_musinsa_product_size_array'  71.24 ms
'extract_musinsa_product_detail_images'  7.71 ms
'extract_musinsa_product_banner_images'  37.81 ms
'extract_musinsa_product_image'  1.03 ms
'extract_musinsa_product_tag_list'  45.83 ms
completed parsing   2-PACK 
completed parsing    
completed parsing      
completed parsing    
completed parsing      
completed parsing    
completed parsing    
completed parsing    
completed parsing    
completed parsing    
completed parsing      
completed parsing   2-PACK  
completed parsing    
completed parsing    
completed parsing     
completed parsing    
completed parsing   
completed parsing    
completed parsing     
completed parsing    
completed parsing     
completed parsing     
completed parsing    
completed parsing     33L 
completed parsing CORDURA AUTHENTIC LOGO SLING BAG BLACK
completed parsing     
completed parsing     
completed parsing TPU   
completed parsing  3   //
completed parsing 08    
completed parsing    
completed parsing   
completed parsing      
completed parsing     
completed parsing      
completed parsing     
completed parsing     
completed parsing    
completed parsing     
completed parsing    
completed parsing   3  
completed parsing AUTHENTIC LOGO ECO BAG BLACK
completed parsing    
completed parsing    
completed parsing C   
completed parsing    
completed parsing     
completed parsing C   
completed parsing     
completed parsing      
completed parsing    
completed parsing AUTHENTIC LOGO SMALL CROSS BAG BLACK
completed parsing    
completed parsing    
completed parsing     
completed parsing   
completed parsing    
completed parsing     
completed parsing      
completed parsing    
completed parsing AUTHENTIC LOGO ECO BAG IVORY
completed parsing    
completed parsing C   
completed parsing    
completed parsing     
completed parsing   
completed parsing   
completed parsing   
completed parsing COVERNAT X QUIKSILVER    
completed parsing 1970   
completed parsing    
completed parsing C   
completed parsing     
completed parsing C  B.B  
completed parsing C   
completed parsing    
completed parsing    
completed parsing    
completed parsing     /
completed parsing AUTHENTIC LOGO SMALL CROSS BAG IVORY
completed parsing C LOGO ECO POUCH BAG WHITE
completed parsing    
completed parsing   
completed parsing    
completed parsing SACOCHE BAG BLACK
completed parsing      
completed parsing    
completed parsing C   
completed parsing     
completed parsing   

  fetch time: 1.7333762645721436
  parse time: 32.9337158203125
  total: 34.667092084884644
  
